==48174== Memcheck, a memory error detector
==48174== Copyright (C) 2002-2017, and GNU GPL'd, by Julian Seward et al.
==48174== Using Valgrind-3.18.1 and LibVEX; rerun with -h for copyright info
==48174== Command: ./a.out
==48174== Parent PID: 5595
==48174== 
==48174== 
==48174== HEAP SUMMARY:
==48174==     in use at exit: 160 bytes in 10 blocks
==48174==   total heap usage: 11 allocs, 1 frees, 1,184 bytes allocated
==48174== 
==48174== 160 (16 direct, 144 indirect)  in 1 blocks are definitely lost in loss record 10 of 10
==48174==    at 0x4848899: malloc (in /usr/libexebytesc/valgrind/vgpreload_memcheck-amd64-linux.so)
==48174==    by 0x1091A5: insertFront (in /home/delcin/classes/cs_fundamentals/c/datastructures/a.out)
==48174==    by 0x1092E2: main (in /home/delcin/classes/cs_fundamentals/c/datastructures/a.out)
==48174== 
==48174== LEAK SUMMARY:
==48174==    definitely lost: 16 bytes in 1 blocks
==48174==    indirectly lost: 144 bytes in 9 blocks
==48174==      possibly lost: 0 bytes in 0 blocks
==48174==    still reachable: 0 bytes in 0 blocks
==48174==         suppressed: 0 bytes in 0 blocks
==48174== 
==48174== For lists of detected and suppressed errors, rerun with: -s
==48174== ERROR SUMMARY: 1 errors from 1 contexts (suppressed: 0 from 0)
